[debug] [2021-04-15T22:04:29.077Z] ----------------------------------------------------------------------
[debug] [2021-04-15T22:04:29.080Z] Command:       /usr/local/bin/node /usr/local/bin/firebase init
[debug] [2021-04-15T22:04:29.081Z] CLI Version:   9.10.0
[debug] [2021-04-15T22:04:29.081Z] Platform:      darwin
[debug] [2021-04-15T22:04:29.081Z] Node Version:  v14.15.0
[debug] [2021-04-15T22:04:29.082Z] Time:          Fri Apr 16 2021 00:04:29 GMT+0200 (Central European Summer Time)
[debug] [2021-04-15T22:04:29.083Z] ----------------------------------------------------------------------
[debug] 
[debug] [2021-04-15T22:04:29.091Z] > command requires scopes: ["email","openid","https://www.googleapis.com/auth/cloudplatformprojects.readonly","https://www.googleapis.com/auth/firebase","https://www.googleapis.com/auth/cloud-platform"]
[debug] [2021-04-15T22:04:29.091Z] > authorizing via signed-in user (rahelshaile21@gmail.com)
[info] 
     ######## #### ########  ######## ########     ###     ######  ########
     ##        ##  ##     ## ##       ##     ##  ##   ##  ##       ##
     ######    ##  ########  ######   ########  #########  ######  ######
     ##        ##  ##    ##  ##       ##     ## ##     ##       ## ##
     ##       #### ##     ## ######## ########  ##     ##  ######  ########

You're about to initialize a Firebase project in this directory:

  /Users/hyfbe/Desktop/Amazon/amaxon-clone

Before we get started, keep in mind:

  * You are initializing in an existing Firebase project directory

[info] 
=== Project Setup
[info] 
[info] First, let's associate this project directory with a Firebase project.
[info] You can create multiple project aliases by running firebase use --add, 
[info] but for now we'll just set up a default project.
[info] 
[info] i  .firebaserc already has a default project, using clone-b7193. 
[debug] [2021-04-15T22:04:32.814Z] > refreshing access token with scopes: []
[debug] [2021-04-15T22:04:32.815Z] >>> HTTP REQUEST POST https://www.googleapis.com/oauth2/v3/token  
 <request body omitted>
[debug] [2021-04-15T22:04:43.651Z] Authentication Error: Your credentials are no longer valid. Please run firebase login --reauth

For CI servers and headless environments, generate a new token with firebase login:ci
[debug] [2021-04-15T22:04:58.132Z] FirebaseError: Authentication Error: Your credentials are no longer valid. Please run firebase login --reauth

For CI servers and headless environments, generate a new token with firebase login:ci
    at invalidCredentialError (/usr/local/lib/node_modules/firebase-tools/lib/auth.js:141:12)
    at refreshTokens (/usr/local/lib/node_modules/firebase-tools/lib/auth.js:450:15)
    at processTicksAndRejections (internal/process/task_queues.js:93:5)
    at async Client.getAccessToken (/usr/local/lib/node_modules/firebase-tools/lib/apiv2.js:144:23)
    at async Client.addAuthHeader (/usr/local/lib/node_modules/firebase-tools/lib/apiv2.js:135:21)
    at async Client.request (/usr/local/lib/node_modules/firebase-tools/lib/apiv2.js:93:34)
    at async Object.getFirebaseProject (/usr/local/lib/node_modules/firebase-tools/lib/management/projects.js:290:21)
    at async Object.doSetup [as project] (/usr/local/lib/node_modules/firebase-tools/lib/init/features/project.js:77:27)
    at async init (/usr/local/lib/node_modules/firebase-tools/lib/init/index.js:19:9)
[error] 
[error] Error: Failed to get Firebase project clone-b7193. Please make sure the project exists and your account has permission to access it.
